{"D:\\TB PPSI\\coffenary\\backend\\controllers\\Auth.js": {"path":"D:\\TB PPSI\\coffenary\\backend\\controllers\\Auth.js","statementMap":{"0":{"start":{"line":2,"column":22},"end":{"line":2,"column":39}},"1":{"start":{"line":5,"column":75},"end":{"line":5,"column":85}},"2":{"start":{"line":6,"column":4},"end":{"line":6,"column":29}},"3":{"start":{"line":7,"column":4},"end":{"line":7,"column":25}},"4":{"start":{"line":8,"column":4},"end":{"line":8,"column":19}},"5":{"start":{"line":9,"column":4},"end":{"line":9,"column":35}},"6":{"start":{"line":10,"column":4},"end":{"line":10,"column":47}},"7":{"start":{"line":11,"column":4},"end":{"line":11,"column":19}},"8":{"start":{"line":14,"column":4},"end":{"line":14,"column":39}},"9":{"start":{"line":15,"column":4},"end":{"line":15,"column":45}},"10":{"start":{"line":16,"column":4},"end":{"line":16,"column":57}},"11":{"start":{"line":17,"column":4},"end":{"line":17,"column":55}},"12":{"start":{"line":21,"column":4},"end":{"line":38,"column":39}},"13":{"start":{"line":22,"column":34},"end":{"line":22,"column":42}},"14":{"start":{"line":24,"column":23},"end":{"line":24,"column":61}},"15":{"start":{"line":25,"column":6},"end":{"line":25,"column":91}},"16":{"start":{"line":25,"column":21},"end":{"line":25,"column":91}},"17":{"start":{"line":27,"column":22},"end":{"line":27,"column":83}},"18":{"start":{"line":28,"column":6},"end":{"line":28,"column":90}},"19":{"start":{"line":28,"column":20},"end":{"line":28,"column":90}},"20":{"start":{"line":30,"column":20},"end":{"line":34,"column":7}},"21":{"start":{"line":36,"column":58},"end":{"line":36,"column":66}},"22":{"start":{"line":37,"column":6},"end":{"line":37,"column":57}},"23":{"start":{"line":38,"column":20},"end":{"line":38,"column":37}},"24":{"start":{"line":42,"column":4},"end":{"line":54,"column":39}},"25":{"start":{"line":43,"column":67},"end":{"line":43,"column":75}},"26":{"start":{"line":45,"column":23},"end":{"line":45,"column":61}},"27":{"start":{"line":46,"column":6},"end":{"line":46,"column":87}},"28":{"start":{"line":46,"column":20},"end":{"line":46,"column":87}},"29":{"start":{"line":48,"column":30},"end":{"line":48,"column":66}},"30":{"start":{"line":49,"column":22},"end":{"line":51,"column":8}},"31":{"start":{"line":53,"column":6},"end":{"line":53,"column":91}},"32":{"start":{"line":54,"column":20},"end":{"line":54,"column":37}},"33":{"start":{"line":58,"column":4},"end":{"line":80,"column":39}},"34":{"start":{"line":59,"column":24},"end":{"line":59,"column":32}},"35":{"start":{"line":61,"column":23},"end":{"line":61,"column":61}},"36":{"start":{"line":62,"column":6},"end":{"line":62,"column":108}},"37":{"start":{"line":62,"column":21},"end":{"line":62,"column":108}},"38":{"start":{"line":65,"column":18},"end":{"line":65,"column":52}},"39":{"start":{"line":66,"column":23},"end":{"line":66,"column":54}},"40":{"start":{"line":67,"column":25},"end":{"line":67,"column":72}},"41":{"start":{"line":69,"column":6},"end":{"line":69,"column":62}},"42":{"start":{"line":71,"column":6},"end":{"line":77,"column":9}},"43":{"start":{"line":79,"column":6},"end":{"line":79,"column":71}},"44":{"start":{"line":80,"column":20},"end":{"line":80,"column":37}},"45":{"start":{"line":84,"column":4},"end":{"line":103,"column":39}},"46":{"start":{"line":85,"column":39},"end":{"line":85,"column":47}},"47":{"start":{"line":87,"column":23},"end":{"line":87,"column":61}},"48":{"start":{"line":88,"column":6},"end":{"line":90,"column":7}},"49":{"start":{"line":89,"column":8},"end":{"line":89,"column":82}},"50":{"start":{"line":92,"column":6},"end":{"line":94,"column":7}},"51":{"start":{"line":93,"column":8},"end":{"line":93,"column":80}},"52":{"start":{"line":96,"column":20},"end":{"line":96,"column":69}},"53":{"start":{"line":97,"column":6},"end":{"line":97,"column":78}},"54":{"start":{"line":97,"column":18},"end":{"line":97,"column":78}},"55":{"start":{"line":99,"column":30},"end":{"line":99,"column":66}},"56":{"start":{"line":100,"column":6},"end":{"line":100,"column":64}},"57":{"start":{"line":102,"column":6},"end":{"line":102,"column":80}},"58":{"start":{"line":103,"column":20},"end":{"line":103,"column":37}},"59":{"start":{"line":107,"column":0},"end":{"line":107,"column":26}}},"fnMap":{"0":{"name":"(anonymous_0)","decl":{"start":{"line":5,"column":2},"end":{"line":5,"column":3}},"loc":{"start":{"line":5,"column":89},"end":{"line":18,"column":3}},"line":5},"1":{"name":"(anonymous_1)","decl":{"start":{"line":5,"column":69},"end":{"line":5,"column":70}},"loc":{"start":{"line":5,"column":75},"end":{"line":5,"column":85}},"line":5},"2":{"name":"(anonymous_2)","decl":{"start":{"line":20,"column":2},"end":{"line":20,"column":3}},"loc":{"start":{"line":20,"column":30},"end":{"line":39,"column":3}},"line":20},"3":{"name":"(anonymous_3)","decl":{"start":{"line":41,"column":2},"end":{"line":41,"column":3}},"loc":{"start":{"line":41,"column":33},"end":{"line":55,"column":3}},"line":41},"4":{"name":"(anonymous_4)","decl":{"start":{"line":57,"column":2},"end":{"line":57,"column":3}},"loc":{"start":{"line":57,"column":39},"end":{"line":81,"column":3}},"line":57},"5":{"name":"(anonymous_5)","decl":{"start":{"line":83,"column":2},"end":{"line":83,"column":3}},"loc":{"start":{"line":83,"column":38},"end":{"line":104,"column":3}},"line":83}},"branchMap":{"0":{"loc":{"start":{"line":5,"column":63},"end":{"line":5,"column":85}},"type":"default-arg","locations":[{"start":{"line":5,"column":69},"end":{"line":5,"column":85}}],"line":5},"1":{"loc":{"start":{"line":10,"column":21},"end":{"line":10,"column":46}},"type":"binary-expr","locations":[{"start":{"line":10,"column":21},"end":{"line":10,"column":30}},{"start":{"line":10,"column":34},"end":{"line":10,"column":46}}],"line":10},"2":{"loc":{"start":{"line":25,"column":6},"end":{"line":25,"column":91}},"type":"if","locations":[{"start":{"line":25,"column":6},"end":{"line":25,"column":91}},{"start":{},"end":{}}],"line":25},"3":{"loc":{"start":{"line":28,"column":6},"end":{"line":28,"column":90}},"type":"if","locations":[{"start":{"line":28,"column":6},"end":{"line":28,"column":90}},{"start":{},"end":{}}],"line":28},"4":{"loc":{"start":{"line":46,"column":6},"end":{"line":46,"column":87}},"type":"if","locations":[{"start":{"line":46,"column":6},"end":{"line":46,"column":87}},{"start":{},"end":{}}],"line":46},"5":{"loc":{"start":{"line":62,"column":6},"end":{"line":62,"column":108}},"type":"if","locations":[{"start":{"line":62,"column":6},"end":{"line":62,"column":108}},{"start":{},"end":{}}],"line":62},"6":{"loc":{"start":{"line":88,"column":6},"end":{"line":90,"column":7}},"type":"if","locations":[{"start":{"line":88,"column":6},"end":{"line":90,"column":7}},{"start":{},"end":{}}],"line":88},"7":{"loc":{"start":{"line":88,"column":10},"end":{"line":88,"column":65}},"type":"binary-expr","locations":[{"start":{"line":88,"column":10},"end":{"line":88,"column":19}},{"start":{"line":88,"column":23},"end":{"line":88,"column":41}},{"start":{"line":88,"column":45},"end":{"line":88,"column":65}}],"line":88},"8":{"loc":{"start":{"line":92,"column":6},"end":{"line":94,"column":7}},"type":"if","locations":[{"start":{"line":92,"column":6},"end":{"line":94,"column":7}},{"start":{},"end":{}}],"line":92},"9":{"loc":{"start":{"line":97,"column":6},"end":{"line":97,"column":78}},"type":"if","locations":[{"start":{"line":97,"column":6},"end":{"line":97,"column":78}},{"start":{},"end":{}}],"line":97}},"s":{"0":1,"1":4,"2":13,"3":13,"4":13,"5":13,"6":13,"7":13,"8":13,"9":13,"10":13,"11":13,"12":4,"13":4,"14":4,"15":4,"16":1,"17":3,"18":3,"19":1,"20":2,"21":1,"22":1,"23":1,"24":2,"25":2,"26":2,"27":2,"28":1,"29":1,"30":1,"31":1,"32":0,"33":3,"34":3,"35":3,"36":3,"37":1,"38":2,"39":2,"40":2,"41":2,"42":2,"43":1,"44":1,"45":4,"46":4,"47":4,"48":4,"49":1,"50":3,"51":1,"52":2,"53":2,"54":1,"55":1,"56":1,"57":1,"58":0,"59":1},"f":{"0":13,"1":4,"2":4,"3":2,"4":3,"5":4},"b":{"0":[12],"1":[13,0],"2":[1,3],"3":[1,2],"4":[1,1],"5":[1,2],"6":[1,3],"7":[4,4,3],"8":[1,2],"9":[1,1]},"_coverageSchema":"1a1c01bbd47fc00a2c39e90264f33305004495a9","hash":"24069154706181a40a861780271ba657cdda69a5"}
,"D:\\TB PPSI\\coffenary\\backend\\controllers\\Cabang.js": {"path":"D:\\TB PPSI\\coffenary\\backend\\controllers\\Cabang.js","statementMap":{"0":{"start":{"line":3,"column":4},"end":{"line":3,"column":33}},"1":{"start":{"line":5,"column":4},"end":{"line":5,"column":53}},"2":{"start":{"line":9,"column":4},"end":{"line":14,"column":5}},"3":{"start":{"line":10,"column":19},"end":{"line":10,"column":50}},"4":{"start":{"line":11,"column":6},"end":{"line":11,"column":28}},"5":{"start":{"line":13,"column":6},"end":{"line":13,"column":23}},"6":{"start":{"line":18,"column":0},"end":{"line":18,"column":28}}},"fnMap":{"0":{"name":"(anonymous_0)","decl":{"start":{"line":2,"column":2},"end":{"line":2,"column":3}},"loc":{"start":{"line":2,"column":30},"end":{"line":6,"column":3}},"line":2},"1":{"name":"(anonymous_1)","decl":{"start":{"line":8,"column":2},"end":{"line":8,"column":3}},"loc":{"start":{"line":8,"column":37},"end":{"line":15,"column":3}},"line":8}},"branchMap":{},"s":{"0":2,"1":2,"2":2,"3":2,"4":1,"5":1,"6":1},"f":{"0":2,"1":2},"b":{},"_coverageSchema":"1a1c01bbd47fc00a2c39e90264f33305004495a9","hash":"56e31993e77daac668e164ca7f1be1d2ca3376df"}
,"D:\\TB PPSI\\coffenary\\backend\\controllers\\Pesanan.js": {"path":"D:\\TB PPSI\\coffenary\\backend\\controllers\\Pesanan.js","statementMap":{"0":{"start":{"line":2,"column":40},"end":{"line":2,"column":50}},"1":{"start":{"line":3,"column":4},"end":{"line":3,"column":21}},"2":{"start":{"line":4,"column":4},"end":{"line":4,"column":21}},"3":{"start":{"line":5,"column":4},"end":{"line":5,"column":19}},"4":{"start":{"line":7,"column":4},"end":{"line":7,"column":45}},"5":{"start":{"line":8,"column":4},"end":{"line":8,"column":55}},"6":{"start":{"line":9,"column":4},"end":{"line":9,"column":49}},"7":{"start":{"line":10,"column":4},"end":{"line":10,"column":59}},"8":{"start":{"line":11,"column":4},"end":{"line":11,"column":41}},"9":{"start":{"line":12,"column":4},"end":{"line":12,"column":59}},"10":{"start":{"line":13,"column":4},"end":{"line":13,"column":59}},"11":{"start":{"line":14,"column":4},"end":{"line":14,"column":65}},"12":{"start":{"line":15,"column":4},"end":{"line":15,"column":63}},"13":{"start":{"line":16,"column":4},"end":{"line":16,"column":55}},"14":{"start":{"line":20,"column":4},"end":{"line":24,"column":10}},"15":{"start":{"line":21,"column":20},"end":{"line":21,"column":41}},"16":{"start":{"line":22,"column":18},"end":{"line":22,"column":50}},"17":{"start":{"line":23,"column":6},"end":{"line":23,"column":29}},"18":{"start":{"line":28,"column":69},"end":{"line":28,"column":83}},"19":{"start":{"line":29,"column":4},"end":{"line":31,"column":5}},"20":{"start":{"line":30,"column":6},"end":{"line":30,"column":78}},"21":{"start":{"line":33,"column":17},"end":{"line":33,"column":42}},"22":{"start":{"line":34,"column":4},"end":{"line":71,"column":5}},"23":{"start":{"line":35,"column":6},"end":{"line":35,"column":36}},"24":{"start":{"line":37,"column":23},"end":{"line":37,"column":56}},"25":{"start":{"line":38,"column":20},"end":{"line":38,"column":28}},"26":{"start":{"line":39,"column":27},"end":{"line":39,"column":46}},"27":{"start":{"line":41,"column":25},"end":{"line":43,"column":8}},"28":{"start":{"line":45,"column":6},"end":{"line":53,"column":7}},"29":{"start":{"line":46,"column":8},"end":{"line":52,"column":11}},"30":{"start":{"line":55,"column":6},"end":{"line":55,"column":94}},"31":{"start":{"line":56,"column":6},"end":{"line":56,"column":26}},"32":{"start":{"line":58,"column":6},"end":{"line":65,"column":9}},"33":{"start":{"line":67,"column":6},"end":{"line":67,"column":45}},"34":{"start":{"line":67,"column":12},"end":{"line":67,"column":34}},"35":{"start":{"line":68,"column":6},"end":{"line":68,"column":21}},"36":{"start":{"line":70,"column":6},"end":{"line":70,"column":38}},"37":{"start":{"line":70,"column":12},"end":{"line":70,"column":27}},"38":{"start":{"line":75,"column":4},"end":{"line":77,"column":28}},"39":{"start":{"line":76,"column":6},"end":{"line":76,"column":68}},"40":{"start":{"line":77,"column":18},"end":{"line":77,"column":26}},"41":{"start":{"line":81,"column":4},"end":{"line":87,"column":28}},"42":{"start":{"line":82,"column":29},"end":{"line":82,"column":39}},"43":{"start":{"line":83,"column":25},"end":{"line":83,"column":33}},"44":{"start":{"line":84,"column":16},"end":{"line":84,"column":62}},"45":{"start":{"line":85,"column":6},"end":{"line":85,"column":100}},"46":{"start":{"line":85,"column":32},"end":{"line":85,"column":100}},"47":{"start":{"line":86,"column":6},"end":{"line":86,"column":80}},"48":{"start":{"line":87,"column":18},"end":{"line":87,"column":26}},"49":{"start":{"line":91,"column":4},"end":{"line":92,"column":26}},"50":{"start":{"line":91,"column":10},"end":{"line":91,"column":74}},"51":{"start":{"line":92,"column":16},"end":{"line":92,"column":24}},"52":{"start":{"line":96,"column":4},"end":{"line":100,"column":28}},"53":{"start":{"line":97,"column":16},"end":{"line":97,"column":65}},"54":{"start":{"line":98,"column":6},"end":{"line":98,"column":89}},"55":{"start":{"line":98,"column":14},"end":{"line":98,"column":89}},"56":{"start":{"line":99,"column":6},"end":{"line":99,"column":18}},"57":{"start":{"line":100,"column":18},"end":{"line":100,"column":26}},"58":{"start":{"line":104,"column":4},"end":{"line":131,"column":28}},"59":{"start":{"line":105,"column":26},"end":{"line":105,"column":38}},"60":{"start":{"line":106,"column":6},"end":{"line":106,"column":107}},"61":{"start":{"line":106,"column":24},"end":{"line":106,"column":107}},"62":{"start":{"line":108,"column":21},"end":{"line":108,"column":67}},"63":{"start":{"line":109,"column":6},"end":{"line":109,"column":46}},"64":{"start":{"line":109,"column":26},"end":{"line":109,"column":46}},"65":{"start":{"line":111,"column":18},"end":{"line":111,"column":39}},"66":{"start":{"line":111,"column":34},"end":{"line":111,"column":38}},"67":{"start":{"line":112,"column":20},"end":{"line":112,"column":55}},"68":{"start":{"line":114,"column":21},"end":{"line":114,"column":23}},"69":{"start":{"line":115,"column":6},"end":{"line":124,"column":7}},"70":{"start":{"line":116,"column":8},"end":{"line":123,"column":11}},"71":{"start":{"line":125,"column":21},"end":{"line":129,"column":9}},"72":{"start":{"line":125,"column":38},"end":{"line":129,"column":7}},"73":{"start":{"line":130,"column":6},"end":{"line":130,"column":23}},"74":{"start":{"line":131,"column":18},"end":{"line":131,"column":26}},"75":{"start":{"line":135,"column":4},"end":{"line":163,"column":28}},"76":{"start":{"line":136,"column":29},"end":{"line":136,"column":39}},"77":{"start":{"line":137,"column":26},"end":{"line":137,"column":38}},"78":{"start":{"line":139,"column":18},"end":{"line":139,"column":72}},"79":{"start":{"line":140,"column":6},"end":{"line":140,"column":84}},"80":{"start":{"line":140,"column":16},"end":{"line":140,"column":84}},"81":{"start":{"line":142,"column":16},"end":{"line":142,"column":54}},"82":{"start":{"line":143,"column":21},"end":{"line":143,"column":65}},"83":{"start":{"line":145,"column":6},"end":{"line":162,"column":9}},"84":{"start":{"line":156,"column":35},"end":{"line":159,"column":11}},"85":{"start":{"line":163,"column":18},"end":{"line":163,"column":26}},"86":{"start":{"line":167,"column":4},"end":{"line":204,"column":28}},"87":{"start":{"line":168,"column":29},"end":{"line":168,"column":39}},"88":{"start":{"line":169,"column":26},"end":{"line":169,"column":38}},"89":{"start":{"line":171,"column":18},"end":{"line":171,"column":72}},"90":{"start":{"line":172,"column":6},"end":{"line":172,"column":84}},"91":{"start":{"line":172,"column":16},"end":{"line":172,"column":84}},"92":{"start":{"line":174,"column":16},"end":{"line":174,"column":54}},"93":{"start":{"line":175,"column":6},"end":{"line":175,"column":82}},"94":{"start":{"line":175,"column":14},"end":{"line":175,"column":82}},"95":{"start":{"line":177,"column":23},"end":{"line":177,"column":60}},"96":{"start":{"line":178,"column":24},"end":{"line":182,"column":7}},"97":{"start":{"line":184,"column":22},"end":{"line":184,"column":66}},"98":{"start":{"line":185,"column":28},"end":{"line":191,"column":8}},"99":{"start":{"line":193,"column":6},"end":{"line":203,"column":9}},"100":{"start":{"line":204,"column":18},"end":{"line":204,"column":26}},"101":{"start":{"line":208,"column":4},"end":{"line":216,"column":28}},"102":{"start":{"line":209,"column":29},"end":{"line":209,"column":39}},"103":{"start":{"line":210,"column":26},"end":{"line":210,"column":38}},"104":{"start":{"line":212,"column":18},"end":{"line":212,"column":72}},"105":{"start":{"line":213,"column":6},"end":{"line":213,"column":76}},"106":{"start":{"line":213,"column":16},"end":{"line":213,"column":76}},"107":{"start":{"line":215,"column":6},"end":{"line":215,"column":61}},"108":{"start":{"line":216,"column":18},"end":{"line":216,"column":26}},"109":{"start":{"line":220,"column":4},"end":{"line":222,"column":28}},"110":{"start":{"line":221,"column":6},"end":{"line":221,"column":87}},"111":{"start":{"line":222,"column":18},"end":{"line":222,"column":26}},"112":{"start":{"line":226,"column":0},"end":{"line":226,"column":29}}},"fnMap":{"0":{"name":"(anonymous_0)","decl":{"start":{"line":2,"column":2},"end":{"line":2,"column":3}},"loc":{"start":{"line":2,"column":54},"end":{"line":17,"column":3}},"line":2},"1":{"name":"(anonymous_1)","decl":{"start":{"line":2,"column":34},"end":{"line":2,"column":35}},"loc":{"start":{"line":2,"column":40},"end":{"line":2,"column":50}},"line":2},"2":{"name":"(anonymous_2)","decl":{"start":{"line":20,"column":24},"end":{"line":20,"column":25}},"loc":{"start":{"line":20,"column":35},"end":{"line":24,"column":5}},"line":20},"3":{"name":"(anonymous_3)","decl":{"start":{"line":27,"column":2},"end":{"line":27,"column":3}},"loc":{"start":{"line":27,"column":33},"end":{"line":72,"column":3}},"line":27},"4":{"name":"(anonymous_4)","decl":{"start":{"line":74,"column":2},"end":{"line":74,"column":3}},"loc":{"start":{"line":74,"column":38},"end":{"line":78,"column":3}},"line":74},"5":{"name":"(anonymous_5)","decl":{"start":{"line":80,"column":2},"end":{"line":80,"column":3}},"loc":{"start":{"line":80,"column":35},"end":{"line":88,"column":3}},"line":80},"6":{"name":"(anonymous_6)","decl":{"start":{"line":90,"column":2},"end":{"line":90,"column":3}},"loc":{"start":{"line":90,"column":40},"end":{"line":93,"column":3}},"line":90},"7":{"name":"(anonymous_7)","decl":{"start":{"line":95,"column":2},"end":{"line":95,"column":3}},"loc":{"start":{"line":95,"column":31},"end":{"line":101,"column":3}},"line":95},"8":{"name":"(anonymous_8)","decl":{"start":{"line":103,"column":2},"end":{"line":103,"column":3}},"loc":{"start":{"line":103,"column":40},"end":{"line":132,"column":3}},"line":103},"9":{"name":"(anonymous_9)","decl":{"start":{"line":111,"column":29},"end":{"line":111,"column":30}},"loc":{"start":{"line":111,"column":34},"end":{"line":111,"column":38}},"line":111},"10":{"name":"(anonymous_10)","decl":{"start":{"line":125,"column":32},"end":{"line":125,"column":33}},"loc":{"start":{"line":125,"column":38},"end":{"line":129,"column":7}},"line":125},"11":{"name":"(anonymous_11)","decl":{"start":{"line":134,"column":2},"end":{"line":134,"column":3}},"loc":{"start":{"line":134,"column":40},"end":{"line":164,"column":3}},"line":134},"12":{"name":"(anonymous_12)","decl":{"start":{"line":156,"column":29},"end":{"line":156,"column":30}},"loc":{"start":{"line":156,"column":35},"end":{"line":159,"column":11}},"line":156},"13":{"name":"(anonymous_13)","decl":{"start":{"line":166,"column":2},"end":{"line":166,"column":3}},"loc":{"start":{"line":166,"column":43},"end":{"line":205,"column":3}},"line":166},"14":{"name":"(anonymous_14)","decl":{"start":{"line":207,"column":2},"end":{"line":207,"column":3}},"loc":{"start":{"line":207,"column":42},"end":{"line":217,"column":3}},"line":207},"15":{"name":"(anonymous_15)","decl":{"start":{"line":219,"column":2},"end":{"line":219,"column":3}},"loc":{"start":{"line":219,"column":38},"end":{"line":223,"column":3}},"line":219}},"branchMap":{"0":{"loc":{"start":{"line":2,"column":28},"end":{"line":2,"column":50}},"type":"default-arg","locations":[{"start":{"line":2,"column":34},"end":{"line":2,"column":50}}],"line":2},"1":{"loc":{"start":{"line":21,"column":20},"end":{"line":21,"column":41}},"type":"binary-expr","locations":[{"start":{"line":21,"column":20},"end":{"line":21,"column":36}},{"start":{"line":21,"column":40},"end":{"line":21,"column":41}}],"line":21},"2":{"loc":{"start":{"line":22,"column":18},"end":{"line":22,"column":50}},"type":"binary-expr","locations":[{"start":{"line":22,"column":18},"end":{"line":22,"column":45}},{"start":{"line":22,"column":49},"end":{"line":22,"column":50}}],"line":22},"3":{"loc":{"start":{"line":22,"column":25},"end":{"line":22,"column":44}},"type":"binary-expr","locations":[{"start":{"line":22,"column":25},"end":{"line":22,"column":34}},{"start":{"line":22,"column":38},"end":{"line":22,"column":44}}],"line":22},"4":{"loc":{"start":{"line":28,"column":69},"end":{"line":28,"column":83}},"type":"binary-expr","locations":[{"start":{"line":28,"column":69},"end":{"line":28,"column":77}},{"start":{"line":28,"column":81},"end":{"line":28,"column":83}}],"line":28},"5":{"loc":{"start":{"line":29,"column":4},"end":{"line":31,"column":5}},"type":"if","locations":[{"start":{"line":29,"column":4},"end":{"line":31,"column":5}},{"start":{},"end":{}}],"line":29},"6":{"loc":{"start":{"line":29,"column":8},"end":{"line":29,"column":98}},"type":"binary-expr","locations":[{"start":{"line":29,"column":8},"end":{"line":29,"column":20}},{"start":{"line":29,"column":24},"end":{"line":29,"column":34}},{"start":{"line":29,"column":38},"end":{"line":29,"column":51}},{"start":{"line":29,"column":55},"end":{"line":29,"column":76}},{"start":{"line":29,"column":80},"end":{"line":29,"column":98}}],"line":29},"7":{"loc":{"start":{"line":49,"column":15},"end":{"line":49,"column":47}},"type":"binary-expr","locations":[{"start":{"line":49,"column":15},"end":{"line":49,"column":42}},{"start":{"line":49,"column":46},"end":{"line":49,"column":47}}],"line":49},"8":{"loc":{"start":{"line":49,"column":22},"end":{"line":49,"column":41}},"type":"binary-expr","locations":[{"start":{"line":49,"column":22},"end":{"line":49,"column":31}},{"start":{"line":49,"column":35},"end":{"line":49,"column":41}}],"line":49},"9":{"loc":{"start":{"line":50,"column":19},"end":{"line":50,"column":40}},"type":"binary-expr","locations":[{"start":{"line":50,"column":19},"end":{"line":50,"column":29}},{"start":{"line":50,"column":33},"end":{"line":50,"column":40}}],"line":50},"10":{"loc":{"start":{"line":51,"column":17},"end":{"line":51,"column":38}},"type":"binary-expr","locations":[{"start":{"line":51,"column":17},"end":{"line":51,"column":33}},{"start":{"line":51,"column":37},"end":{"line":51,"column":38}}],"line":51},"11":{"loc":{"start":{"line":85,"column":6},"end":{"line":85,"column":100}},"type":"if","locations":[{"start":{"line":85,"column":6},"end":{"line":85,"column":100}},{"start":{},"end":{}}],"line":85},"12":{"loc":{"start":{"line":98,"column":6},"end":{"line":98,"column":89}},"type":"if","locations":[{"start":{"line":98,"column":6},"end":{"line":98,"column":89}},{"start":{},"end":{}}],"line":98},"13":{"loc":{"start":{"line":106,"column":6},"end":{"line":106,"column":107}},"type":"if","locations":[{"start":{"line":106,"column":6},"end":{"line":106,"column":107}},{"start":{},"end":{}}],"line":106},"14":{"loc":{"start":{"line":109,"column":6},"end":{"line":109,"column":46}},"type":"if","locations":[{"start":{"line":109,"column":6},"end":{"line":109,"column":46}},{"start":{},"end":{}}],"line":109},"15":{"loc":{"start":{"line":120,"column":19},"end":{"line":120,"column":37}},"type":"binary-expr","locations":[{"start":{"line":120,"column":19},"end":{"line":120,"column":29}},{"start":{"line":120,"column":33},"end":{"line":120,"column":37}}],"line":120},"16":{"loc":{"start":{"line":121,"column":31},"end":{"line":121,"column":51}},"type":"binary-expr","locations":[{"start":{"line":121,"column":31},"end":{"line":121,"column":46}},{"start":{"line":121,"column":50},"end":{"line":121,"column":51}}],"line":121},"17":{"loc":{"start":{"line":122,"column":27},"end":{"line":122,"column":43}},"type":"binary-expr","locations":[{"start":{"line":122,"column":27},"end":{"line":122,"column":38}},{"start":{"line":122,"column":42},"end":{"line":122,"column":43}}],"line":122},"18":{"loc":{"start":{"line":127,"column":27},"end":{"line":127,"column":53}},"type":"binary-expr","locations":[{"start":{"line":127,"column":27},"end":{"line":127,"column":46}},{"start":{"line":127,"column":50},"end":{"line":127,"column":53}}],"line":127},"19":{"loc":{"start":{"line":128,"column":15},"end":{"line":128,"column":33}},"type":"binary-expr","locations":[{"start":{"line":128,"column":15},"end":{"line":128,"column":27}},{"start":{"line":128,"column":31},"end":{"line":128,"column":33}}],"line":128},"20":{"loc":{"start":{"line":140,"column":6},"end":{"line":140,"column":84}},"type":"if","locations":[{"start":{"line":140,"column":6},"end":{"line":140,"column":84}},{"start":{},"end":{}}],"line":140},"21":{"loc":{"start":{"line":172,"column":6},"end":{"line":172,"column":84}},"type":"if","locations":[{"start":{"line":172,"column":6},"end":{"line":172,"column":84}},{"start":{},"end":{}}],"line":172},"22":{"loc":{"start":{"line":175,"column":6},"end":{"line":175,"column":82}},"type":"if","locations":[{"start":{"line":175,"column":6},"end":{"line":175,"column":82}},{"start":{},"end":{}}],"line":175},"23":{"loc":{"start":{"line":189,"column":22},"end":{"line":189,"column":52}},"type":"binary-expr","locations":[{"start":{"line":189,"column":22},"end":{"line":189,"column":42}},{"start":{"line":189,"column":46},"end":{"line":189,"column":52}}],"line":189},"24":{"loc":{"start":{"line":196,"column":22},"end":{"line":196,"column":43}},"type":"binary-expr","locations":[{"start":{"line":196,"column":22},"end":{"line":196,"column":35}},{"start":{"line":196,"column":39},"end":{"line":196,"column":43}}],"line":196},"25":{"loc":{"start":{"line":197,"column":29},"end":{"line":197,"column":57}},"type":"binary-expr","locations":[{"start":{"line":197,"column":29},"end":{"line":197,"column":49}},{"start":{"line":197,"column":53},"end":{"line":197,"column":57}}],"line":197},"26":{"loc":{"start":{"line":199,"column":24},"end":{"line":199,"column":54}},"type":"binary-expr","locations":[{"start":{"line":199,"column":24},"end":{"line":199,"column":44}},{"start":{"line":199,"column":48},"end":{"line":199,"column":54}}],"line":199},"27":{"loc":{"start":{"line":213,"column":6},"end":{"line":213,"column":76}},"type":"if","locations":[{"start":{"line":213,"column":6},"end":{"line":213,"column":76}},{"start":{},"end":{}}],"line":213}},"s":{"0":0,"1":38,"2":38,"3":38,"4":38,"5":38,"6":38,"7":38,"8":38,"9":38,"10":38,"11":38,"12":38,"13":38,"14":4,"15":5,"16":5,"17":5,"18":7,"19":7,"20":3,"21":4,"22":4,"23":4,"24":4,"25":4,"26":4,"27":4,"28":3,"29":4,"30":3,"31":3,"32":3,"33":1,"34":1,"35":1,"36":4,"37":4,"38":2,"39":2,"40":1,"41":3,"42":3,"43":3,"44":3,"45":2,"46":1,"47":1,"48":1,"49":2,"50":2,"51":1,"52":3,"53":3,"54":2,"55":1,"56":1,"57":1,"58":6,"59":6,"60":6,"61":1,"62":5,"63":4,"64":1,"65":3,"66":3,"67":3,"68":3,"69":3,"70":2,"71":3,"72":3,"73":3,"74":1,"75":3,"76":3,"77":3,"78":3,"79":3,"80":1,"81":2,"82":1,"83":1,"84":1,"85":1,"86":5,"87":5,"88":5,"89":5,"90":5,"91":1,"92":4,"93":4,"94":1,"95":3,"96":3,"97":3,"98":2,"99":2,"100":1,"101":4,"102":4,"103":4,"104":4,"105":4,"106":1,"107":3,"108":1,"109":2,"110":2,"111":1,"112":1},"f":{"0":38,"1":0,"2":5,"3":7,"4":2,"5":3,"6":2,"7":3,"8":6,"9":3,"10":3,"11":3,"12":1,"13":5,"14":4,"15":2},"b":{"0":[0],"1":[5,1],"2":[5,1],"3":[5,3],"4":[7,0],"5":[3,4],"6":[7,7,7,6,5],"7":[4,1],"8":[4,3],"9":[4,4],"10":[4,1],"11":[1,1],"12":[1,1],"13":[1,5],"14":[1,3],"15":[2,1],"16":[2,0],"17":[2,0],"18":[3,1],"19":[3,1],"20":[1,2],"21":[1,4],"22":[1,3],"23":[2,2],"24":[2,1],"25":[2,1],"26":[2,2],"27":[1,3]},"_coverageSchema":"1a1c01bbd47fc00a2c39e90264f33305004495a9","hash":"389f8250b098e15efca3d9c9addc02c7153ed779"}
}
