TN:
SF:controllers\AuthController.js
FN:4,(anonymous_0)
FN:4,(anonymous_1)
FN:19,(anonymous_2)
FN:40,(anonymous_3)
FN:56,(anonymous_4)
FN:82,(anonymous_5)
FNF:6
FNH:6
FNDA:15,(anonymous_0)
FNDA:4,(anonymous_1)
FNDA:4,(anonymous_2)
FNDA:3,(anonymous_3)
FNDA:3,(anonymous_4)
FNDA:5,(anonymous_5)
DA:1,1
DA:4,4
DA:5,15
DA:6,15
DA:7,15
DA:8,15
DA:9,15
DA:10,15
DA:13,15
DA:14,15
DA:15,15
DA:16,15
DA:20,4
DA:21,4
DA:23,4
DA:24,4
DA:26,3
DA:27,3
DA:29,2
DA:35,1
DA:36,1
DA:37,1
DA:41,3
DA:42,3
DA:44,3
DA:45,3
DA:47,2
DA:48,2
DA:52,1
DA:53,1
DA:57,3
DA:58,3
DA:60,3
DA:61,3
DA:64,2
DA:65,2
DA:66,2
DA:68,2
DA:70,2
DA:78,1
DA:79,1
DA:83,5
DA:84,5
DA:86,5
DA:87,4
DA:88,1
DA:91,3
DA:92,1
DA:95,2
DA:96,2
DA:98,1
DA:99,1
DA:101,1
DA:102,1
DA:106,1
LF:55
LH:55
BRDA:4,0,0,14
BRDA:24,1,0,1
BRDA:24,1,1,3
BRDA:27,2,0,1
BRDA:27,2,1,2
BRDA:45,3,0,1
BRDA:45,3,1,2
BRDA:61,4,0,1
BRDA:61,4,1,2
BRDA:87,5,0,1
BRDA:87,5,1,3
BRDA:87,6,0,4
BRDA:87,6,1,4
BRDA:87,6,2,3
BRDA:91,7,0,1
BRDA:91,7,1,2
BRDA:96,8,0,1
BRDA:96,8,1,1
BRF:18
BRH:18
end_of_record
TN:
SF:controllers\CabangController.js
FN:2,(anonymous_0)
FN:13,(anonymous_1)
FN:22,(anonymous_2)
FN:31,(anonymous_3)
FN:58,(anonymous_4)
FN:86,(anonymous_5)
FNF:6
FNH:6
FNDA:18,(anonymous_0)
FNDA:2,(anonymous_1)
FNDA:2,(anonymous_2)
FNDA:7,(anonymous_3)
FNDA:6,(anonymous_4)
FNDA:1,(anonymous_5)
DA:3,18
DA:4,18
DA:6,18
DA:7,18
DA:8,18
DA:9,18
DA:10,18
DA:14,2
DA:15,2
DA:16,1
DA:18,1
DA:23,2
DA:24,2
DA:25,1
DA:27,1
DA:32,7
DA:33,7
DA:34,7
DA:35,5
DA:37,4
DA:38,4
DA:39,2
DA:49,1
DA:52,4
DA:54,1
DA:59,6
DA:60,6
DA:61,6
DA:62,6
DA:63,5
DA:65,4
DA:66,4
DA:67,2
DA:77,1
DA:80,4
DA:82,1
DA:88,1
DA:92,1
LF:38
LH:38
BRDA:33,0,0,6
BRDA:33,1,0,7
BRDA:33,1,1,1
BRDA:34,2,0,2
BRDA:34,2,1,5
BRDA:35,3,0,5
BRDA:35,3,1,4
BRDA:35,4,0,5
BRDA:35,4,1,4
BRDA:38,5,0,2
BRDA:38,5,1,2
BRDA:38,6,0,4
BRDA:38,6,1,2
BRDA:45,7,0,2
BRDA:45,7,1,1
BRDA:61,8,0,6
BRDA:61,8,1,1
BRDA:63,9,0,1
BRDA:63,9,1,4
BRDA:63,10,0,5
BRDA:63,10,1,5
BRDA:66,11,0,2
BRDA:66,11,1,2
BRDA:66,12,0,4
BRDA:66,12,1,2
BRDA:73,13,0,2
BRDA:73,13,1,2
BRF:27
BRH:27
end_of_record
TN:
SF:controllers\CheckoutController.js
FN:2,(anonymous_0)
FN:9,(anonymous_1)
FNF:2
FNH:2
FNDA:12,(anonymous_0)
FNDA:12,(anonymous_1)
DA:3,12
DA:4,12
DA:6,12
DA:12,12
DA:18,12
DA:21,12
DA:22,4
DA:24,8
DA:25,8
DA:26,1
DA:29,7
DA:30,7
DA:31,7
DA:34,7
DA:35,7
DA:36,9
DA:37,9
DA:38,9
DA:40,7
DA:42,7
DA:45,7
DA:58,6
DA:61,6
DA:62,8
DA:63,8
DA:65,8
DA:81,6
DA:101,6
DA:103,6
DA:112,1
DA:113,1
DA:114,1
DA:116,7
DA:121,1
LF:34
LH:34
BRDA:12,0,0,12
BRDA:12,0,1,7
BRDA:12,0,2,1
BRDA:18,1,0,12
BRDA:18,1,1,1
BRDA:21,2,0,4
BRDA:21,2,1,8
BRDA:21,3,0,12
BRDA:21,3,1,11
BRDA:21,3,2,10
BRDA:21,3,3,10
BRDA:21,3,4,9
BRDA:25,4,0,1
BRDA:25,4,1,7
BRDA:36,5,0,9
BRDA:36,5,1,4
BRDA:36,5,2,1
BRDA:37,6,0,9
BRDA:37,6,1,4
BRDA:37,6,2,1
BRDA:62,7,0,8
BRDA:62,7,1,4
BRDA:62,7,2,1
BRDA:63,8,0,8
BRDA:63,8,1,4
BRDA:63,8,2,1
BRDA:73,9,0,8
BRDA:73,9,1,8
BRDA:73,9,2,6
BRF:29
BRH:29
end_of_record
TN:
SF:controllers\LogController.js
FN:2,(anonymous_0)
FN:7,(anonymous_1)
FN:18,(anonymous_2)
FNF:3
FNH:3
FNDA:5,(anonymous_0)
FNDA:3,(anonymous_1)
FNDA:2,(anonymous_2)
DA:3,5
DA:4,5
DA:5,5
DA:8,3
DA:9,3
DA:15,2
DA:16,1
DA:19,2
DA:20,1
DA:23,1
LF:10
LH:10
BRF:0
BRH:0
end_of_record
TN:
SF:controllers\MenuController.js
FN:3,(anonymous_0)
FN:19,(anonymous_1)
FN:27,(anonymous_2)
FN:39,(anonymous_3)
FN:68,(anonymous_4)
FN:98,(anonymous_5)
FN:126,(anonymous_6)
FN:137,(anonymous_7)
FNF:8
FNH:8
FNDA:29,(anonymous_0)
FNDA:2,(anonymous_1)
FNDA:2,(anonymous_2)
FNDA:8,(anonymous_3)
FNDA:6,(anonymous_4)
FNDA:6,(anonymous_5)
FNDA:2,(anonymous_6)
FNDA:3,(anonymous_7)
DA:6,29
DA:7,29
DA:8,29
DA:10,29
DA:11,29
DA:12,29
DA:13,29
DA:14,29
DA:15,29
DA:16,29
DA:20,2
DA:21,2
DA:22,2
DA:23,1
DA:24,1
DA:28,2
DA:29,2
DA:35,1
DA:36,1
DA:40,8
DA:41,8
DA:42,8
DA:47,8
DA:49,7
DA:50,7
DA:51,4
DA:61,1
DA:64,7
DA:65,1
DA:69,6
DA:70,6
DA:71,6
DA:72,6
DA:74,6
DA:75,5
DA:76,1
DA:79,4
DA:80,4
DA:81,2
DA:91,1
DA:94,4
DA:95,1
DA:99,6
DA:100,6
DA:101,6
DA:102,5
DA:103,1
DA:106,4
DA:107,4
DA:108,2
DA:118,1
DA:121,4
DA:122,1
DA:127,2
DA:128,2
DA:129,2
DA:133,1
DA:134,1
DA:138,3
DA:139,3
DA:140,3
DA:141,2
DA:142,1
DA:143,1
DA:147,1
LF:65
LH:65
BRDA:45,0,0,1
BRDA:45,0,1,7
BRDA:50,1,0,4
BRDA:50,1,1,3
BRDA:50,2,0,7
BRDA:50,2,1,5
BRDA:55,3,0,4
BRDA:55,3,1,1
BRDA:56,4,0,4
BRDA:56,4,1,2
BRDA:56,4,2,1
BRDA:57,5,0,4
BRDA:57,5,1,4
BRDA:72,6,0,1
BRDA:72,6,1,5
BRDA:75,7,0,1
BRDA:75,7,1,4
BRDA:75,8,0,5
BRDA:75,8,1,5
BRDA:80,9,0,2
BRDA:80,9,1,2
BRDA:80,10,0,4
BRDA:80,10,1,3
BRDA:87,11,0,2
BRDA:87,11,1,2
BRDA:102,12,0,1
BRDA:102,12,1,4
BRDA:102,13,0,5
BRDA:102,13,1,5
BRDA:107,14,0,2
BRDA:107,14,1,2
BRDA:107,15,0,4
BRDA:107,15,1,3
BRDA:114,16,0,2
BRDA:114,16,1,2
BRDA:141,17,0,1
BRDA:141,17,1,1
BRF:37
BRH:37
end_of_record
TN:
SF:controllers\NotifikasiController.js
FN:3,(anonymous_0)
FN:18,(anonymous_1)
FNF:2
FNH:2
FNDA:13,(anonymous_0)
FNDA:13,(anonymous_1)
DA:4,13
DA:5,13
DA:6,13
DA:8,13
DA:12,9
DA:19,13
DA:20,13
DA:23,13
DA:24,13
DA:25,13
DA:26,13
DA:29,13
DA:30,9
DA:31,9
DA:32,1
DA:36,12
DA:37,12
DA:38,12
DA:39,12
DA:40,12
DA:43,12
DA:47,11
DA:49,11
DA:50,4
DA:58,7
DA:69,7
DA:70,7
DA:79,7
DA:80,2
DA:81,5
DA:82,1
DA:86,11
DA:88,1
DA:93,1
LF:34
LH:34
BRDA:20,0,0,13
BRDA:20,0,1,1
BRDA:23,1,0,13
BRDA:23,1,1,2
BRDA:24,2,0,13
BRDA:24,2,1,2
BRDA:25,3,0,13
BRDA:25,3,1,3
BRDA:25,3,2,2
BRDA:26,4,0,13
BRDA:26,4,1,5
BRDA:29,5,0,9
BRDA:29,5,1,4
BRDA:31,6,0,1
BRDA:31,6,1,8
BRDA:36,7,0,12
BRDA:36,7,1,4
BRDA:36,7,2,3
BRDA:37,8,0,12
BRDA:37,8,1,6
BRDA:37,8,2,5
BRDA:38,9,0,12
BRDA:38,9,1,8
BRDA:38,9,2,7
BRDA:39,10,0,12
BRDA:39,10,1,10
BRDA:39,10,2,10
BRDA:40,11,0,12
BRDA:40,11,1,3
BRDA:40,11,2,2
BRDA:49,12,0,4
BRDA:49,12,1,7
BRDA:54,13,0,4
BRDA:54,13,1,2
BRDA:54,14,0,4
BRDA:54,14,1,3
BRDA:65,15,0,7
BRDA:65,15,1,1
BRDA:65,16,0,7
BRDA:65,16,1,6
BRDA:79,17,0,2
BRDA:79,17,1,5
BRDA:79,18,0,7
BRDA:79,18,1,6
BRDA:81,19,0,1
BRDA:81,19,1,4
BRF:46
BRH:46
end_of_record
TN:
SF:controllers\PembayaranController.js
FN:3,(anonymous_0)
FN:3,(anonymous_1)
FN:12,(anonymous_2)
FN:31,(anonymous_3)
FN:46,(anonymous_4)
FN:109,(anonymous_5)
FNF:6
FNH:6
FNDA:15,(anonymous_0)
FNDA:1,(anonymous_1)
FNDA:15,(anonymous_2)
FNDA:9,(anonymous_3)
FNDA:4,(anonymous_4)
FNDA:1,(anonymous_5)
DA:3,1
DA:4,15
DA:5,15
DA:6,15
DA:8,15
DA:9,15
DA:13,15
DA:14,15
DA:15,15
DA:16,2
DA:20,13
DA:24,13
DA:25,13
DA:27,12
DA:29,12
DA:30,12
DA:31,9
DA:39,5
DA:46,4
DA:54,11
DA:55,11
DA:67,11
DA:71,11
DA:85,11
DA:86,11
DA:98,11
DA:104,1
DA:110,1
DA:114,1
LF:29
LH:29
BRDA:3,0,0,1
BRDA:14,1,0,15
BRDA:14,1,1,1
BRDA:15,2,0,2
BRDA:15,2,1,13
BRDA:25,3,0,1
BRDA:25,3,1,12
BRDA:27,4,0,12
BRDA:27,4,1,11
BRDA:30,5,0,7
BRDA:30,5,1,5
BRDA:30,6,0,12
BRDA:30,6,1,8
BRDA:32,7,0,9
BRDA:32,7,1,2
BRDA:32,7,2,1
BRDA:33,8,0,9
BRDA:33,8,1,2
BRDA:34,9,0,9
BRDA:34,9,1,1
BRDA:34,10,0,9
BRDA:34,10,1,3
BRDA:34,10,2,1
BRDA:35,11,0,9
BRDA:35,11,1,2
BRDA:35,11,2,1
BRDA:48,12,0,4
BRDA:48,12,1,1
BRDA:49,13,0,4
BRDA:49,13,1,1
BRDA:59,14,0,11
BRDA:59,14,1,10
BRDA:60,15,0,11
BRDA:60,15,1,11
BRDA:61,16,0,11
BRDA:61,16,1,10
BRDA:62,17,0,11
BRDA:62,17,1,11
BRDA:92,18,0,11
BRDA:92,18,1,1
BRDA:92,19,0,11
BRDA:92,19,1,1
BRF:42
BRH:42
end_of_record
TN:
SF:controllers\PenggunaController.js
FN:3,(anonymous_0)
FN:14,(anonymous_1)
FN:23,(anonymous_2)
FN:51,(anonymous_3)
FN:73,(anonymous_4)
FNF:5
FNH:5
FNDA:19,(anonymous_0)
FNDA:3,(anonymous_1)
FNDA:5,(anonymous_2)
FNDA:6,(anonymous_3)
FNDA:5,(anonymous_4)
DA:4,19
DA:5,19
DA:7,19
DA:8,19
DA:9,19
DA:10,19
DA:15,3
DA:16,3
DA:17,3
DA:18,2
DA:19,1
DA:24,5
DA:25,5
DA:26,5
DA:29,5
DA:30,1
DA:31,1
DA:35,5
DA:36,2
DA:37,2
DA:38,1
DA:42,4
DA:43,3
DA:44,1
DA:46,2
DA:47,1
DA:52,6
DA:53,6
DA:54,6
DA:57,5
DA:58,5
DA:60,5
DA:61,1
DA:64,5
DA:65,4
DA:66,1
DA:68,3
DA:69,1
DA:74,5
DA:75,5
DA:77,5
DA:78,2
DA:81,3
DA:82,3
DA:83,1
DA:86,2
DA:87,2
DA:91,1
DA:92,1
DA:96,1
LF:50
LH:50
BRDA:16,0,0,3
BRDA:16,0,1,1
BRDA:29,1,0,1
BRDA:29,1,1,4
BRDA:29,2,0,5
BRDA:29,2,1,1
BRDA:35,3,0,2
BRDA:35,3,1,3
BRDA:37,4,0,1
BRDA:37,4,1,1
BRDA:37,5,0,2
BRDA:37,5,1,2
BRDA:43,6,0,1
BRDA:43,6,1,2
BRDA:43,7,0,3
BRDA:43,7,1,3
BRDA:54,8,0,1
BRDA:54,8,1,5
BRDA:57,9,0,5
BRDA:57,9,1,1
BRDA:60,10,0,1
BRDA:60,10,1,4
BRDA:60,11,0,5
BRDA:60,11,1,1
BRDA:65,12,0,1
BRDA:65,12,1,3
BRDA:65,13,0,4
BRDA:65,13,1,4
BRDA:75,14,0,5
BRDA:75,14,1,1
BRDA:77,15,0,2
BRDA:77,15,1,3
BRDA:82,16,0,1
BRDA:82,16,1,2
BRF:34
BRH:34
end_of_record
TN:
SF:controllers\PesananController.js
FN:2,(anonymous_0)
FN:2,(anonymous_1)
FN:21,(anonymous_2)
FN:28,(anonymous_3)
FN:75,(anonymous_4)
FN:81,(anonymous_5)
FN:107,(anonymous_6)
FN:112,(anonymous_7)
FN:120,(anonymous_8)
FN:128,(anonymous_9)
FN:142,(anonymous_10)
FN:151,(anonymous_11)
FN:171,(anonymous_12)
FN:181,(anonymous_13)
FN:222,(anonymous_14)
FN:234,(anonymous_15)
FNF:16
FNH:16
FNDA:44,(anonymous_0)
FNDA:1,(anonymous_1)
FNDA:6,(anonymous_2)
FNDA:9,(anonymous_3)
FNDA:2,(anonymous_4)
FNDA:6,(anonymous_5)
FNDA:2,(anonymous_6)
FNDA:3,(anonymous_7)
FNDA:7,(anonymous_8)
FNDA:4,(anonymous_9)
FNDA:4,(anonymous_10)
FNDA:3,(anonymous_11)
FNDA:1,(anonymous_12)
FNDA:5,(anonymous_13)
FNDA:4,(anonymous_14)
FNDA:2,(anonymous_15)
DA:2,1
DA:3,44
DA:4,44
DA:5,44
DA:6,44
DA:8,44
DA:9,44
DA:10,44
DA:11,44
DA:12,44
DA:13,44
DA:14,44
DA:15,44
DA:16,44
DA:17,44
DA:21,5
DA:22,6
DA:23,6
DA:24,6
DA:29,9
DA:30,9
DA:31,4
DA:34,5
DA:35,5
DA:36,5
DA:38,5
DA:39,5
DA:40,5
DA:42,5
DA:46,4
DA:47,5
DA:56,4
DA:57,4
DA:59,4
DA:68,1
DA:69,1
DA:71,5
DA:76,2
DA:77,2
DA:78,1
DA:82,6
DA:83,6
DA:84,6
DA:85,6
DA:86,5
DA:88,3
DA:89,3
DA:90,2
DA:100,1
DA:103,3
DA:104,1
DA:108,2
DA:109,1
DA:113,3
DA:114,3
DA:115,2
DA:116,1
DA:117,1
DA:121,7
DA:122,7
DA:123,7
DA:125,6
DA:126,5
DA:128,4
DA:129,4
DA:131,4
DA:132,4
DA:133,3
DA:142,4
DA:147,4
DA:148,1
DA:152,3
DA:153,3
DA:154,3
DA:156,3
DA:157,3
DA:159,2
DA:160,1
DA:162,1
DA:171,1
DA:178,1
DA:182,5
DA:183,5
DA:184,5
DA:186,5
DA:187,5
DA:189,4
DA:190,4
DA:192,3
DA:193,3
DA:199,3
DA:200,2
DA:208,2
DA:219,1
DA:223,4
DA:224,4
DA:225,4
DA:227,4
DA:228,4
DA:230,3
DA:231,1
DA:235,2
DA:236,2
DA:237,1
DA:241,1
LF:105
LH:105
BRDA:2,0,0,1
BRDA:22,1,0,6
BRDA:22,1,1,1
BRDA:23,2,0,6
BRDA:23,2,1,1
BRDA:23,3,0,6
BRDA:23,3,1,3
BRDA:29,4,0,9
BRDA:29,4,1,1
BRDA:30,5,0,4
BRDA:30,5,1,5
BRDA:30,6,0,9
BRDA:30,6,1,8
BRDA:30,6,2,8
BRDA:30,6,3,7
BRDA:30,6,4,6
BRDA:50,7,0,5
BRDA:50,7,1,1
BRDA:50,8,0,5
BRDA:50,8,1,3
BRDA:51,9,0,5
BRDA:51,9,1,5
BRDA:52,10,0,5
BRDA:52,10,1,1
BRDA:86,11,0,2
BRDA:86,11,1,3
BRDA:89,12,0,2
BRDA:89,12,1,1
BRDA:89,13,0,3
BRDA:89,13,1,2
BRDA:96,14,0,2
BRDA:96,14,1,2
BRDA:115,15,0,1
BRDA:115,15,1,1
BRDA:123,16,0,1
BRDA:123,16,1,6
BRDA:126,17,0,1
BRDA:126,17,1,4
BRDA:137,18,0,3
BRDA:137,18,1,2
BRDA:138,19,0,3
BRDA:138,19,1,1
BRDA:139,20,0,3
BRDA:139,20,1,1
BRDA:144,21,0,4
BRDA:144,21,1,2
BRDA:145,22,0,4
BRDA:145,22,1,1
BRDA:157,23,0,1
BRDA:157,23,1,2
BRDA:187,24,0,1
BRDA:187,24,1,4
BRDA:190,25,0,1
BRDA:190,25,1,3
BRDA:204,26,0,2
BRDA:204,26,1,2
BRDA:211,27,0,2
BRDA:211,27,1,1
BRDA:212,28,0,2
BRDA:212,28,1,1
BRDA:214,29,0,2
BRDA:214,29,1,2
BRDA:228,30,0,1
BRDA:228,30,1,3
BRF:64
BRH:64
end_of_record
TN:
SF:models\cabangModel.js
FN:4,(anonymous_0)
FN:12,(anonymous_1)
FN:17,(anonymous_2)
FN:26,(anonymous_3)
FN:44,(anonymous_4)
FNF:5
FNH:5
FNDA:2,(anonymous_0)
FNDA:1,(anonymous_1)
FNDA:3,(anonymous_2)
FNDA:3,(anonymous_3)
FNDA:1,(anonymous_4)
DA:1,1
DA:5,2
DA:8,2
DA:9,2
DA:13,1
DA:14,1
DA:18,3
DA:23,3
DA:27,3
DA:28,3
DA:29,3
DA:30,3
DA:31,3
DA:32,3
DA:34,3
DA:36,2
DA:37,2
DA:41,2
DA:45,1
DA:49,1
DA:52,1
LF:21
LH:21
BRDA:4,0,0,1
BRDA:4,1,0,1
BRDA:5,2,0,1
BRDA:5,2,1,1
BRDA:17,3,0,1
BRDA:21,4,0,2
BRDA:21,4,1,1
BRDA:29,5,0,1
BRDA:29,5,1,2
BRDA:30,6,0,1
BRDA:30,6,1,2
BRDA:31,7,0,1
BRDA:31,7,1,2
BRDA:32,8,0,2
BRDA:32,8,1,1
BRDA:32,9,0,1
BRDA:32,9,1,1
BRDA:34,10,0,1
BRDA:34,10,1,2
BRF:19
BRH:19
end_of_record
TN:
SF:models\logModel.js
FN:14,(anonymous_0)
FN:28,(anonymous_1)
FN:31,(anonymous_2)
FN:90,(anonymous_3)
FN:93,(anonymous_4)
FN:99,(anonymous_5)
FNF:6
FNH:6
FNDA:4,(anonymous_0)
FNDA:1,(anonymous_1)
FNDA:6,(anonymous_2)
FNDA:1,(anonymous_3)
FNDA:2,(anonymous_4)
FNDA:1,(anonymous_5)
DA:2,1
DA:4,1
DA:5,1
DA:9,4
DA:10,3
DA:15,4
DA:17,2
DA:22,2
DA:23,2
DA:24,2
DA:28,1
DA:41,6
DA:42,6
DA:44,6
DA:45,6
DA:46,6
DA:47,6
DA:48,6
DA:49,6
DA:51,6
DA:52,6
DA:53,6
DA:54,6
DA:56,6
DA:73,6
DA:80,6
DA:81,6
DA:83,6
DA:90,1
DA:94,2
DA:95,2
DA:99,1
DA:102,1
LF:33
LH:33
BRDA:9,0,0,1
BRDA:9,0,1,3
BRDA:10,1,0,1
BRDA:10,1,1,2
BRDA:14,2,0,3
BRDA:14,3,0,3
BRDA:14,4,0,3
BRDA:31,5,0,1
BRDA:32,6,0,1
BRDA:33,7,0,1
BRDA:44,8,0,1
BRDA:44,8,1,5
BRDA:45,9,0,2
BRDA:45,9,1,4
BRDA:46,10,0,1
BRDA:46,10,1,5
BRDA:47,11,0,1
BRDA:47,11,1,5
BRDA:48,12,0,1
BRDA:48,12,1,5
BRDA:49,13,0,1
BRDA:49,13,1,5
BRDA:51,14,0,2
BRDA:51,14,1,4
BRDA:52,15,0,6
BRDA:52,15,1,2
BRDA:53,16,0,6
BRDA:53,16,1,2
BRDA:85,17,0,6
BRDA:85,17,1,1
BRF:30
BRH:30
end_of_record
TN:
SF:models\menuModel.js
FN:4,(anonymous_0)
FN:9,(anonymous_1)
FN:18,(anonymous_2)
FN:27,(anonymous_3)
FNF:4
FNH:4
FNDA:1,(anonymous_0)
FNDA:1,(anonymous_1)
FNDA:1,(anonymous_2)
FNDA:1,(anonymous_3)
DA:1,1
DA:5,1
DA:6,1
DA:10,1
DA:11,1
DA:15,1
DA:19,1
DA:20,1
DA:24,1
DA:28,1
DA:29,1
DA:32,1
LF:12
LH:12
BRF:0
BRH:0
end_of_record
TN:
SF:models\pemesananModel.js
FN:4,(anonymous_0)
FN:15,(anonymous_1)
FN:23,(anonymous_2)
FN:71,(anonymous_3)
FNF:4
FNH:4
FNDA:1,(anonymous_0)
FNDA:1,(anonymous_1)
FNDA:3,(anonymous_2)
FNDA:2,(anonymous_3)
DA:1,1
DA:5,1
DA:12,1
DA:16,1
DA:20,1
DA:25,3
DA:30,3
DA:35,3
DA:47,3
DA:52,3
DA:58,3
DA:73,2
DA:81,2
DA:82,1
DA:85,1
DA:88,1
DA:96,1
DA:97,1
DA:100,1
LF:19
LH:19
BRDA:59,0,0,3
BRDA:59,0,1,1
BRDA:60,1,0,3
BRDA:60,1,1,1
BRDA:61,2,0,2
BRDA:61,2,1,1
BRDA:62,3,0,3
BRDA:62,3,1,1
BRDA:63,4,0,3
BRDA:63,4,1,1
BRDA:81,5,0,1
BRDA:81,5,1,1
BRF:12
BRH:12
end_of_record
TN:
SF:models\penggunaModel.js
FN:5,(anonymous_0)
FN:24,(anonymous_1)
FN:32,(anonymous_2)
FN:40,(anonymous_3)
FN:62,(anonymous_4)
FN:105,(anonymous_5)
FN:136,(anonymous_6)
FN:144,(anonymous_7)
FNF:8
FNH:8
FNDA:2,(anonymous_0)
FNDA:1,(anonymous_1)
FNDA:1,(anonymous_2)
FNDA:3,(anonymous_3)
FNDA:3,(anonymous_4)
FNDA:2,(anonymous_5)
FNDA:1,(anonymous_6)
FNDA:1,(anonymous_7)
DA:2,1
DA:14,2
DA:16,2
DA:21,2
DA:25,1
DA:29,1
DA:33,1
DA:37,1
DA:41,3
DA:45,3
DA:47,3
DA:48,2
DA:50,3
DA:51,3
DA:53,3
DA:54,3
DA:63,3
DA:72,3
DA:73,3
DA:75,3
DA:76,18
DA:77,3
DA:78,3
DA:79,2
DA:80,2
DA:82,1
DA:87,3
DA:89,2
DA:94,2
DA:96,2
DA:97,2
DA:106,2
DA:113,2
DA:114,2
DA:116,2
DA:117,8
DA:118,1
DA:119,1
DA:123,2
DA:125,1
DA:130,1
DA:132,1
DA:133,1
DA:137,1
DA:141,1
DA:145,1
DA:149,1
DA:153,1
LF:48
LH:48
BRDA:12,0,0,1
BRDA:13,1,0,1
BRDA:40,2,0,1
BRDA:47,3,0,1
BRDA:47,3,1,2
BRDA:48,4,0,1
BRDA:48,4,1,1
BRDA:50,5,0,2
BRDA:50,5,1,1
BRDA:76,6,0,3
BRDA:76,6,1,15
BRDA:78,7,0,2
BRDA:78,7,1,1
BRDA:80,8,0,1
BRDA:80,8,1,1
BRDA:80,9,0,2
BRDA:80,9,1,1
BRDA:80,9,2,1
BRDA:87,10,0,1
BRDA:87,10,1,2
BRDA:117,11,0,1
BRDA:117,11,1,7
BRDA:123,12,0,1
BRDA:123,12,1,1
BRF:24
BRH:24
end_of_record
TN:
SF:models\pesananModel.js
FN:3,(anonymous_0)
FN:7,(anonymous_1)
FN:12,(anonymous_2)
FN:22,(anonymous_3)
FN:31,(anonymous_4)
FN:41,(anonymous_5)
FN:53,(anonymous_6)
FN:77,(anonymous_7)
FN:117,(anonymous_8)
FN:125,(anonymous_9)
FN:146,(anonymous_10)
FN:148,(anonymous_11)
FN:162,(anonymous_12)
FN:170,(anonymous_13)
FN:180,(anonymous_14)
FN:188,(anonymous_15)
FNF:16
FNH:16
FNDA:18,(anonymous_0)
FNDA:1,(anonymous_1)
FNDA:1,(anonymous_2)
FNDA:1,(anonymous_3)
FNDA:1,(anonymous_4)
FNDA:1,(anonymous_5)
FNDA:2,(anonymous_6)
FNDA:1,(anonymous_7)
FNDA:1,(anonymous_8)
FNDA:1,(anonymous_9)
FNDA:2,(anonymous_10)
FNDA:2,(anonymous_11)
FNDA:2,(anonymous_12)
FNDA:1,(anonymous_13)
FNDA:3,(anonymous_14)
FNDA:2,(anonymous_15)
DA:4,18
DA:8,1
DA:13,1
DA:19,1
DA:23,1
DA:32,1
DA:42,1
DA:50,1
DA:54,2
DA:62,2
DA:64,1
DA:72,1
DA:73,1
DA:74,1
DA:78,1
DA:83,1
DA:88,1
DA:98,1
DA:102,1
DA:108,1
DA:118,1
DA:122,1
DA:126,1
DA:143,1
DA:147,2
DA:148,2
DA:149,1
DA:159,1
DA:163,2
DA:167,2
DA:171,1
DA:177,1
DA:181,3
DA:185,3
DA:189,2
DA:193,2
DA:197,1
LF:37
LH:37
BRDA:27,0,0,1
BRDA:27,0,1,1
BRDA:62,1,0,1
BRDA:62,1,1,1
BRDA:109,2,0,1
BRDA:109,2,1,1
BRDA:110,3,0,1
BRDA:110,3,1,1
BRDA:111,4,0,1
BRDA:111,4,1,1
BRDA:112,5,0,1
BRDA:112,5,1,1
BRDA:113,6,0,1
BRDA:113,6,1,1
BRDA:147,7,0,1
BRDA:147,7,1,1
BRDA:167,8,0,2
BRDA:167,8,1,1
BRDA:170,9,0,1
BRDA:175,10,0,1
BRDA:175,10,1,1
BRDA:175,11,0,1
BRDA:175,11,1,1
BRDA:185,12,0,3
BRDA:185,12,1,2
BRF:25
BRH:25
end_of_record
