TN:
SF:controllers\Auth.js
FN:5,(anonymous_0)
FN:5,(anonymous_1)
FN:20,(anonymous_2)
FN:41,(anonymous_3)
FN:57,(anonymous_4)
FN:83,(anonymous_5)
FNF:6
FNH:6
FNDA:15,(anonymous_0)
FNDA:4,(anonymous_1)
FNDA:4,(anonymous_2)
FNDA:3,(anonymous_3)
FNDA:3,(anonymous_4)
FNDA:5,(anonymous_5)
DA:2,1
DA:5,4
DA:6,15
DA:7,15
DA:8,15
DA:9,15
DA:10,15
DA:11,15
DA:14,15
DA:15,15
DA:16,15
DA:17,15
DA:21,4
DA:22,4
DA:24,4
DA:25,4
DA:27,3
DA:28,3
DA:30,2
DA:36,1
DA:37,1
DA:38,1
DA:42,3
DA:43,3
DA:45,3
DA:46,3
DA:48,2
DA:49,2
DA:53,1
DA:54,1
DA:58,3
DA:59,3
DA:61,3
DA:62,3
DA:65,2
DA:66,2
DA:67,2
DA:69,2
DA:71,2
DA:79,1
DA:80,1
DA:84,5
DA:85,5
DA:87,5
DA:88,4
DA:89,1
DA:92,3
DA:93,1
DA:96,2
DA:97,2
DA:99,1
DA:100,1
DA:102,1
DA:103,1
DA:107,1
LF:55
LH:55
BRDA:5,0,0,14
BRDA:25,1,0,1
BRDA:25,1,1,3
BRDA:28,2,0,1
BRDA:28,2,1,2
BRDA:46,3,0,1
BRDA:46,3,1,2
BRDA:62,4,0,1
BRDA:62,4,1,2
BRDA:88,5,0,1
BRDA:88,5,1,3
BRDA:88,6,0,4
BRDA:88,6,1,4
BRDA:88,6,2,3
BRDA:92,7,0,1
BRDA:92,7,1,2
BRDA:97,8,0,1
BRDA:97,8,1,1
BRF:18
BRH:18
end_of_record
TN:
SF:controllers\Cabang.js
FN:2,(anonymous_0)
FN:8,(anonymous_1)
FNF:2
FNH:2
FNDA:2,(anonymous_0)
FNDA:2,(anonymous_1)
DA:3,2
DA:5,2
DA:9,2
DA:10,2
DA:11,1
DA:13,1
DA:18,1
LF:7
LH:7
BRF:0
BRH:0
end_of_record
TN:
SF:controllers\Log.js
FN:3,(anonymous_0)
FN:10,(anonymous_1)
FNF:2
FNH:2
FNDA:3,(anonymous_0)
FNDA:3,(anonymous_1)
DA:4,3
DA:6,3
DA:11,3
DA:12,3
DA:13,2
DA:15,1
DA:20,1
LF:7
LH:7
BRF:0
BRH:0
end_of_record
TN:
SF:controllers\Menu.js
FN:3,(anonymous_0)
FN:18,(anonymous_1)
FN:26,(anonymous_2)
FN:38,(anonymous_3)
FN:51,(anonymous_4)
FN:65,(anonymous_5)
FN:77,(anonymous_6)
FN:88,(anonymous_7)
FNF:8
FNH:8
FNDA:18,(anonymous_0)
FNDA:2,(anonymous_1)
FNDA:2,(anonymous_2)
FNDA:3,(anonymous_3)
FNDA:3,(anonymous_4)
FNDA:3,(anonymous_5)
FNDA:2,(anonymous_6)
FNDA:3,(anonymous_7)
DA:6,18
DA:7,18
DA:9,18
DA:10,18
DA:11,18
DA:12,18
DA:13,18
DA:14,18
DA:15,18
DA:19,2
DA:20,2
DA:21,2
DA:22,1
DA:23,1
DA:27,2
DA:28,2
DA:34,1
DA:35,1
DA:39,3
DA:40,3
DA:41,3
DA:46,3
DA:47,2
DA:48,1
DA:52,3
DA:53,3
DA:54,3
DA:55,3
DA:57,3
DA:58,2
DA:59,1
DA:61,1
DA:62,1
DA:66,3
DA:67,3
DA:68,3
DA:69,2
DA:70,1
DA:72,1
DA:73,1
DA:78,2
DA:79,2
DA:80,2
DA:84,1
DA:85,1
DA:89,3
DA:90,3
DA:91,3
DA:92,2
DA:93,1
DA:94,1
DA:98,1
LF:52
LH:52
BRDA:44,0,0,1
BRDA:44,0,1,2
BRDA:55,1,0,1
BRDA:55,1,1,2
BRDA:58,2,0,1
BRDA:58,2,1,1
BRDA:58,3,0,2
BRDA:58,3,1,2
BRDA:69,4,0,1
BRDA:69,4,1,1
BRDA:69,5,0,2
BRDA:69,5,1,2
BRDA:92,6,0,1
BRDA:92,6,1,1
BRF:14
BRH:14
end_of_record
TN:
SF:controllers\Notifikasi.js
FN:3,(anonymous_0)
FN:18,(anonymous_1)
FNF:2
FNH:2
FNDA:9,(anonymous_0)
FNDA:9,(anonymous_1)
DA:4,9
DA:5,9
DA:6,9
DA:8,9
DA:12,7
DA:19,9
DA:20,9
DA:23,9
DA:24,9
DA:25,9
DA:26,9
DA:29,9
DA:30,7
DA:31,7
DA:32,1
DA:36,8
DA:37,8
DA:38,8
DA:39,8
DA:40,8
DA:43,8
DA:47,7
DA:49,7
DA:51,2
DA:59,5
DA:70,5
DA:71,5
DA:80,5
DA:81,1
DA:82,4
DA:83,1
DA:87,7
DA:89,1
DA:94,1
LF:34
LH:34
BRDA:20,0,0,9
BRDA:20,0,1,0
BRDA:23,1,0,9
BRDA:23,1,1,1
BRDA:24,2,0,9
BRDA:24,2,1,1
BRDA:25,3,0,9
BRDA:25,3,1,2
BRDA:25,3,2,1
BRDA:26,4,0,9
BRDA:26,4,1,3
BRDA:29,5,0,7
BRDA:29,5,1,2
BRDA:31,6,0,1
BRDA:31,6,1,6
BRDA:36,7,0,8
BRDA:36,7,1,2
BRDA:36,7,2,1
BRDA:37,8,0,8
BRDA:37,8,1,3
BRDA:37,8,2,2
BRDA:38,9,0,8
BRDA:38,9,1,5
BRDA:38,9,2,4
BRDA:39,10,0,8
BRDA:39,10,1,6
BRDA:39,10,2,6
BRDA:40,11,0,8
BRDA:40,11,1,2
BRDA:40,11,2,1
BRDA:49,12,0,2
BRDA:49,12,1,5
BRDA:55,13,0,2
BRDA:55,13,1,0
BRDA:55,14,0,2
BRDA:55,14,1,1
BRDA:66,15,0,5
BRDA:66,15,1,0
BRDA:66,16,0,5
BRDA:66,16,1,4
BRDA:80,17,0,1
BRDA:80,17,1,4
BRDA:80,18,0,5
BRDA:80,18,1,4
BRDA:82,19,0,1
BRDA:82,19,1,3
BRF:46
BRH:43
end_of_record
TN:
SF:controllers\Pembayaran.js
FN:3,(anonymous_0)
FN:3,(anonymous_1)
FN:12,(anonymous_2)
FN:31,(anonymous_3)
FN:46,(anonymous_4)
FN:109,(anonymous_5)
FNF:6
FNH:6
FNDA:11,(anonymous_0)
FNDA:1,(anonymous_1)
FNDA:11,(anonymous_2)
FNDA:7,(anonymous_3)
FNDA:3,(anonymous_4)
FNDA:1,(anonymous_5)
DA:3,1
DA:4,11
DA:5,11
DA:6,11
DA:8,11
DA:9,11
DA:13,11
DA:14,11
DA:15,11
DA:16,1
DA:20,10
DA:24,10
DA:25,10
DA:27,9
DA:29,9
DA:30,9
DA:31,7
DA:39,4
DA:46,3
DA:54,8
DA:55,8
DA:67,8
DA:71,8
DA:85,8
DA:86,8
DA:98,8
DA:104,1
DA:110,1
DA:114,1
LF:29
LH:29
BRDA:3,0,0,1
BRDA:14,1,0,11
BRDA:14,1,1,0
BRDA:15,2,0,1
BRDA:15,2,1,10
BRDA:25,3,0,1
BRDA:25,3,1,9
BRDA:27,4,0,9
BRDA:27,4,1,8
BRDA:30,5,0,5
BRDA:30,5,1,4
BRDA:30,6,0,9
BRDA:30,6,1,6
BRDA:32,7,0,7
BRDA:32,7,1,1
BRDA:32,7,2,0
BRDA:33,8,0,7
BRDA:33,8,1,1
BRDA:34,9,0,7
BRDA:34,9,1,0
BRDA:34,10,0,7
BRDA:34,10,1,2
BRDA:34,10,2,1
BRDA:35,11,0,7
BRDA:35,11,1,1
BRDA:35,11,2,0
BRDA:48,12,0,3
BRDA:48,12,1,0
BRDA:49,13,0,3
BRDA:49,13,1,0
BRDA:59,14,0,8
BRDA:59,14,1,7
BRDA:60,15,0,8
BRDA:60,15,1,8
BRDA:61,16,0,8
BRDA:61,16,1,7
BRDA:62,17,0,8
BRDA:62,17,1,8
BRDA:92,18,0,8
BRDA:92,18,1,0
BRDA:92,19,0,8
BRDA:92,19,1,0
BRF:42
BRH:34
end_of_record
TN:
SF:controllers\Pengguna.js
FN:3,(anonymous_0)
FN:14,(anonymous_1)
FN:23,(anonymous_2)
FN:51,(anonymous_3)
FN:73,(anonymous_4)
FNF:5
FNH:5
FNDA:14,(anonymous_0)
FNDA:2,(anonymous_1)
FNDA:4,(anonymous_2)
FNDA:4,(anonymous_3)
FNDA:4,(anonymous_4)
DA:4,14
DA:5,14
DA:7,14
DA:8,14
DA:9,14
DA:10,14
DA:15,2
DA:16,2
DA:17,2
DA:18,1
DA:19,1
DA:24,4
DA:25,4
DA:26,4
DA:29,4
DA:30,1
DA:31,1
DA:35,4
DA:36,1
DA:37,1
DA:38,1
DA:42,3
DA:43,2
DA:44,1
DA:46,1
DA:47,1
DA:52,4
DA:53,4
DA:54,4
DA:57,3
DA:58,3
DA:60,3
DA:61,1
DA:64,3
DA:65,2
DA:66,1
DA:68,1
DA:69,1
DA:74,4
DA:75,4
DA:77,4
DA:78,1
DA:81,3
DA:82,3
DA:83,1
DA:86,2
DA:87,2
DA:91,1
DA:92,1
DA:96,1
LF:50
LH:50
BRDA:16,0,0,2
BRDA:16,0,1,0
BRDA:29,1,0,1
BRDA:29,1,1,3
BRDA:29,2,0,4
BRDA:29,2,1,1
BRDA:35,3,0,1
BRDA:35,3,1,3
BRDA:37,4,0,1
BRDA:37,4,1,0
BRDA:37,5,0,1
BRDA:37,5,1,1
BRDA:43,6,0,1
BRDA:43,6,1,1
BRDA:43,7,0,2
BRDA:43,7,1,2
BRDA:54,8,0,1
BRDA:54,8,1,3
BRDA:57,9,0,3
BRDA:57,9,1,0
BRDA:60,10,0,1
BRDA:60,10,1,2
BRDA:60,11,0,3
BRDA:60,11,1,1
BRDA:65,12,0,1
BRDA:65,12,1,1
BRDA:65,13,0,2
BRDA:65,13,1,2
BRDA:75,14,0,4
BRDA:75,14,1,0
BRDA:77,15,0,1
BRDA:77,15,1,3
BRDA:82,16,0,1
BRDA:82,16,1,2
BRF:34
BRH:30
end_of_record
TN:
SF:controllers\Pesanan.js
FN:2,(anonymous_0)
FN:2,(anonymous_1)
FN:20,(anonymous_2)
FN:27,(anonymous_3)
FN:74,(anonymous_4)
FN:80,(anonymous_5)
FN:90,(anonymous_6)
FN:95,(anonymous_7)
FN:103,(anonymous_8)
FN:111,(anonymous_9)
FN:125,(anonymous_10)
FN:134,(anonymous_11)
FN:156,(anonymous_12)
FN:166,(anonymous_13)
FN:207,(anonymous_14)
FN:219,(anonymous_15)
FNF:16
FNH:16
FNDA:39,(anonymous_0)
FNDA:1,(anonymous_1)
FNDA:6,(anonymous_2)
FNDA:8,(anonymous_3)
FNDA:2,(anonymous_4)
FNDA:3,(anonymous_5)
FNDA:2,(anonymous_6)
FNDA:3,(anonymous_7)
FNDA:6,(anonymous_8)
FNDA:3,(anonymous_9)
FNDA:3,(anonymous_10)
FNDA:3,(anonymous_11)
FNDA:1,(anonymous_12)
FNDA:5,(anonymous_13)
FNDA:4,(anonymous_14)
FNDA:2,(anonymous_15)
DA:2,1
DA:3,39
DA:4,39
DA:5,39
DA:7,39
DA:8,39
DA:9,39
DA:10,39
DA:11,39
DA:12,39
DA:13,39
DA:14,39
DA:15,39
DA:16,39
DA:20,5
DA:21,6
DA:22,6
DA:23,6
DA:28,8
DA:29,8
DA:30,3
DA:33,5
DA:34,5
DA:35,5
DA:37,5
DA:38,5
DA:39,5
DA:41,5
DA:45,4
DA:46,5
DA:55,4
DA:56,4
DA:58,4
DA:67,1
DA:68,1
DA:70,5
DA:75,2
DA:76,2
DA:77,1
DA:81,3
DA:82,3
DA:83,3
DA:84,3
DA:85,2
DA:86,1
DA:87,1
DA:91,2
DA:92,1
DA:96,3
DA:97,3
DA:98,2
DA:99,1
DA:100,1
DA:104,6
DA:105,6
DA:106,6
DA:108,5
DA:109,4
DA:111,3
DA:112,3
DA:114,3
DA:115,3
DA:116,2
DA:125,3
DA:130,3
DA:131,1
DA:135,3
DA:136,3
DA:137,3
DA:139,3
DA:140,3
DA:142,2
DA:143,1
DA:145,1
DA:156,1
DA:163,1
DA:167,5
DA:168,5
DA:169,5
DA:171,5
DA:172,5
DA:174,4
DA:175,4
DA:177,3
DA:178,3
DA:184,3
DA:185,2
DA:193,2
DA:204,1
DA:208,4
DA:209,4
DA:210,4
DA:212,4
DA:213,4
DA:215,3
DA:216,1
DA:220,2
DA:221,2
DA:222,1
DA:226,1
LF:100
LH:100
BRDA:2,0,0,1
BRDA:21,1,0,6
BRDA:21,1,1,1
BRDA:22,2,0,6
BRDA:22,2,1,1
BRDA:22,3,0,6
BRDA:22,3,1,3
BRDA:28,4,0,8
BRDA:28,4,1,0
BRDA:29,5,0,3
BRDA:29,5,1,5
BRDA:29,6,0,8
BRDA:29,6,1,8
BRDA:29,6,2,8
BRDA:29,6,3,7
BRDA:29,6,4,6
BRDA:49,7,0,5
BRDA:49,7,1,1
BRDA:49,8,0,5
BRDA:49,8,1,3
BRDA:50,9,0,5
BRDA:50,9,1,5
BRDA:51,10,0,5
BRDA:51,10,1,1
BRDA:85,11,0,1
BRDA:85,11,1,1
BRDA:98,12,0,1
BRDA:98,12,1,1
BRDA:106,13,0,1
BRDA:106,13,1,5
BRDA:109,14,0,1
BRDA:109,14,1,3
BRDA:120,15,0,2
BRDA:120,15,1,1
BRDA:121,16,0,2
BRDA:121,16,1,0
BRDA:122,17,0,2
BRDA:122,17,1,0
BRDA:127,18,0,3
BRDA:127,18,1,1
BRDA:128,19,0,3
BRDA:128,19,1,1
BRDA:140,20,0,1
BRDA:140,20,1,2
BRDA:172,21,0,1
BRDA:172,21,1,4
BRDA:175,22,0,1
BRDA:175,22,1,3
BRDA:189,23,0,2
BRDA:189,23,1,2
BRDA:196,24,0,2
BRDA:196,24,1,1
BRDA:197,25,0,2
BRDA:197,25,1,1
BRDA:199,26,0,2
BRDA:199,26,1,2
BRDA:213,27,0,1
BRDA:213,27,1,3
BRF:58
BRH:55
end_of_record
